<?xml version="1.0" encoding="UTF-8"?>
<!-- Generated by org.testng.reporters.JUnitReportReporter -->
<testsuite hostname="DESKTOP-6625IDT" failures="0" tests="6" name="TestRunner.CucumberTestRunner" time="35.565" errors="0" timestamp="2024-05-25T21:56:23 IST" skipped="0">
  <testcase classname="TestRunner.CucumberTestRunner" name="runScenario" time="5.268"/>
  <testcase classname="TestRunner.CucumberTestRunner" name="runScenario" time="5.244"/>
  <testcase classname="TestRunner.CucumberTestRunner" name="runScenario" time="4.103"/>
  <testcase classname="TestRunner.CucumberTestRunner" name="runScenario" time="8.158"/>
  <testcase classname="TestRunner.CucumberTestRunner" name="runScenario" time="3.675"/>
  <testcase classname="TestRunner.CucumberTestRunner" name="runScenario" time="9.117"/>
</testsuite> <!-- TestRunner.CucumberTestRunner -->
