<?xml version="1.0" encoding="UTF-8"?>
<!-- Generated by org.testng.reporters.JUnitReportReporter -->
<testsuite hostname="Hariesharanya-PC" failures="0" tests="6" name="TestRunner.CucumberTestRunner" time="33.038" errors="0" timestamp="2024-06-14T21:48:15 IST" skipped="0">
  <testcase classname="TestRunner.CucumberTestRunner" name="runScenario" time="7.551"/>
  <testcase classname="TestRunner.CucumberTestRunner" name="runScenario" time="4.920"/>
  <testcase classname="TestRunner.CucumberTestRunner" name="runScenario" time="4.108"/>
  <testcase classname="TestRunner.CucumberTestRunner" name="runScenario" time="5.506"/>
  <testcase classname="TestRunner.CucumberTestRunner" name="runScenario" time="3.690"/>
  <testcase classname="TestRunner.CucumberTestRunner" name="runScenario" time="7.263"/>
</testsuite> <!-- TestRunner.CucumberTestRunner -->
