<?xml version="1.0" encoding="UTF-8"?>
<!-- Generated by org.testng.reporters.JUnitReportReporter -->
<testsuite hostname="Hariesharanya-PC" failures="0" tests="6" name="TestRunner.CucumberTestRunner" time="32.938" errors="0" timestamp="16 Jun 2024 05:43:00 GMT" skipped="0">
  <testcase classname="TestRunner.CucumberTestRunner" name="runScenario" time="3.903"/>
  <testcase classname="TestRunner.CucumberTestRunner" name="runScenario" time="4.406"/>
  <testcase classname="TestRunner.CucumberTestRunner" name="runScenario" time="8.321"/>
  <testcase classname="TestRunner.CucumberTestRunner" name="runScenario" time="7.852"/>
  <testcase classname="TestRunner.CucumberTestRunner" name="runScenario" time="5.457"/>
  <testcase classname="TestRunner.CucumberTestRunner" name="runScenario" time="2.999"/>
</testsuite> <!-- TestRunner.CucumberTestRunner -->
