<?xml version="1.0" encoding="UTF-8"?>
<testsuite xmlns:xsi="http://www.w3.org/2001/XMLSchema-instance" xsi:noNamespaceSchemaLocation="https://maven.apache.org/surefire/maven-surefire-plugin/xsd/surefire-test-report-3.0.xsd" version="3.0" name="TestSuite" time="34.028" tests="6" errors="0" skipped="0" failures="0">
  <properties>
    <property name="java.specification.version" value="21"/>
    <property name="sun.cpu.isalist" value="amd64"/>
    <property name="sun.jnu.encoding" value="Cp1252"/>
    <property name="java.class.path" value="C:\Users\Harish kumar\Music\masterRepo\Java_Bdd_selenium4\target\test-classes;C:\Users\Harish kumar\Music\masterRepo\Java_Bdd_selenium4\target\classes;C:\Users\Harish kumar\.m2\repository\io\github\bonigarcia\webdrivermanager\5.7.0\webdrivermanager-5.7.0.jar;C:\Users\Harish kumar\.m2\repository\com\google\code\gson\gson\2.10.1\gson-2.10.1.jar;C:\Users\Harish kumar\.m2\repository\com\github\docker-java\docker-java\3.3.5\docker-java-3.3.5.jar;C:\Users\Harish kumar\.m2\repository\com\github\docker-java\docker-java-core\3.3.5\docker-java-core-3.3.5.jar;C:\Users\Harish kumar\.m2\repository\com\github\docker-java\docker-java-api\3.3.5\docker-java-api-3.3.5.jar;C:\Users\Harish kumar\.m2\repository\org\bouncycastle\bcpkix-jdk18on\1.76\bcpkix-jdk18on-1.76.jar;C:\Users\Harish kumar\.m2\repository\org\bouncycastle\bcprov-jdk18on\1.76\bcprov-jdk18on-1.76.jar;C:\Users\Harish kumar\.m2\repository\org\bouncycastle\bcutil-jdk18on\1.76\bcutil-jdk18on-1.76.jar;C:\Users\Harish kumar\.m2\repository\org\slf4j\jcl-over-slf4j\1.7.30\jcl-over-slf4j-1.7.30.jar;C:\Users\Harish kumar\.m2\repository\com\github\docker-java\docker-java-transport-httpclient5\3.3.5\docker-java-transport-httpclient5-3.3.5.jar;C:\Users\Harish kumar\.m2\repository\com\github\docker-java\docker-java-transport\3.3.5\docker-java-transport-3.3.5.jar;C:\Users\Harish kumar\.m2\repository\net\java\dev\jna\jna\5.13.0\jna-5.13.0.jar;C:\Users\Harish kumar\.m2\repository\org\brotli\dec\0.1.2\dec-0.1.2.jar;C:\Users\Harish kumar\.m2\repository\org\apache\commons\commons-lang3\3.14.0\commons-lang3-3.14.0.jar;C:\Users\Harish kumar\.m2\repository\org\apache\commons\commons-compress\1.26.0\commons-compress-1.26.0.jar;C:\Users\Harish kumar\.m2\repository\org\apache\httpcomponents\client5\httpclient5\5.2.1\httpclient5-5.2.1.jar;C:\Users\Harish kumar\.m2\repository\org\apache\httpcomponents\core5\httpcore5\5.2\httpcore5-5.2.jar;C:\Users\Harish kumar\.m2\repository\org\apache\httpcomponents\core5\httpcore5-h2\5.2\httpcore5-h2-5.2.jar;C:\Users\Harish kumar\.m2\repository\junit\junit\4.11\junit-4.11.jar;C:\Users\Harish kumar\.m2\repository\org\slf4j\slf4j-api\1.7.30\slf4j-api-1.7.30.jar;C:\Users\Harish kumar\.m2\repository\ch\qos\logback\logback-classic\1.2.3\logback-classic-1.2.3.jar;C:\Users\Harish kumar\.m2\repository\ch\qos\logback\logback-core\1.2.3\logback-core-1.2.3.jar;C:\Users\Harish kumar\.m2\repository\org\apache\poi\poi\5.2.3\poi-5.2.3.jar;C:\Users\Harish kumar\.m2\repository\commons-codec\commons-codec\1.15\commons-codec-1.15.jar;C:\Users\Harish kumar\.m2\repository\org\apache\commons\commons-collections4\4.4\commons-collections4-4.4.jar;C:\Users\Harish kumar\.m2\repository\org\apache\commons\commons-math3\3.6.1\commons-math3-3.6.1.jar;C:\Users\Harish kumar\.m2\repository\commons-io\commons-io\2.11.0\commons-io-2.11.0.jar;C:\Users\Harish kumar\.m2\repository\com\zaxxer\SparseBitSet\1.2\SparseBitSet-1.2.jar;C:\Users\Harish kumar\.m2\repository\org\apache\logging\log4j\log4j-api\2.18.0\log4j-api-2.18.0.jar;C:\Users\Harish kumar\.m2\repository\org\apache\poi\poi-ooxml\5.2.3\poi-ooxml-5.2.3.jar;C:\Users\Harish kumar\.m2\repository\org\apache\poi\poi-ooxml-lite\5.2.3\poi-ooxml-lite-5.2.3.jar;C:\Users\Harish kumar\.m2\repository\org\apache\xmlbeans\xmlbeans\5.1.1\xmlbeans-5.1.1.jar;C:\Users\Harish kumar\.m2\repository\com\github\virtuald\curvesapi\1.07\curvesapi-1.07.jar;C:\Users\Harish kumar\.m2\repository\io\cucumber\cucumber-html\0.2.7\cucumber-html-0.2.7.jar;C:\Users\Harish kumar\.m2\repository\net\sourceforge\cobertura\cobertura\2.1.1\cobertura-2.1.1.jar;C:\Users\Harish kumar\.m2\repository\org\ow2\asm\asm\5.0.1\asm-5.0.1.jar;C:\Users\Harish kumar\.m2\repository\org\ow2\asm\asm-tree\5.0.1\asm-tree-5.0.1.jar;C:\Users\Harish kumar\.m2\repository\org\ow2\asm\asm-commons\5.0.1\asm-commons-5.0.1.jar;C:\Users\Harish kumar\.m2\repository\org\ow2\asm\asm-util\5.0.1\asm-util-5.0.1.jar;C:\Users\Harish kumar\.m2\repository\org\ow2\asm\asm-analysis\5.0.1\asm-analysis-5.0.1.jar;C:\Users\Harish kumar\.m2\repository\oro\oro\2.0.8\oro-2.0.8.jar;C:\Users\Harish kumar\.m2\repository\jaxen\jaxen\1.1.4\jaxen-1.1.4.jar;C:\Users\Harish kumar\.m2\repository\org\apache\ant\ant\1.8.3\ant-1.8.3.jar;C:\Users\Harish kumar\.m2\repository\org\apache\ant\ant-launcher\1.8.3\ant-launcher-1.8.3.jar;C:\Users\Harish kumar\.m2\repository\org\apache\ant\ant-junit\1.8.3\ant-junit-1.8.3.jar;C:\Users\Harish kumar\.m2\repository\org\mortbay\jetty\servlet-api-2.5\6.1.14\servlet-api-2.5-6.1.14.jar;C:\Users\Harish kumar\.m2\repository\org\mortbay\jetty\jetty\6.1.14\jetty-6.1.14.jar;C:\Users\Harish kumar\.m2\repository\org\mortbay\jetty\jetty-util\6.1.14\jetty-util-6.1.14.jar;C:\Users\Harish kumar\.m2\repository\io\cucumber\cucumber-java\7.15.0\cucumber-java-7.15.0.jar;C:\Users\Harish kumar\.m2\repository\io\cucumber\cucumber-core\7.15.0\cucumber-core-7.15.0.jar;C:\Users\Harish kumar\.m2\repository\io\cucumber\cucumber-gherkin\7.15.0\cucumber-gherkin-7.15.0.jar;C:\Users\Harish kumar\.m2\repository\io\cucumber\cucumber-gherkin-messages\7.15.0\cucumber-gherkin-messages-7.15.0.jar;C:\Users\Harish kumar\.m2\repository\io\cucumber\tag-expressions\6.0.0\tag-expressions-6.0.0.jar;C:\Users\Harish kumar\.m2\repository\io\cucumber\cucumber-expressions\17.0.1\cucumber-expressions-17.0.1.jar;C:\Users\Harish kumar\.m2\repository\io\cucumber\datatable\7.15.0\datatable-7.15.0.jar;C:\Users\Harish kumar\.m2\repository\io\cucumber\cucumber-plugin\7.15.0\cucumber-plugin-7.15.0.jar;C:\Users\Harish kumar\.m2\repository\io\cucumber\docstring\7.15.0\docstring-7.15.0.jar;C:\Users\Harish kumar\.m2\repository\io\cucumber\html-formatter\20.4.0\html-formatter-20.4.0.jar;C:\Users\Harish kumar\.m2\repository\io\cucumber\junit-xml-formatter\0.2.0\junit-xml-formatter-0.2.0.jar;C:\Users\Harish kumar\.m2\repository\io\cucumber\ci-environment\10.0.0\ci-environment-10.0.0.jar;C:\Users\Harish kumar\.m2\repository\org\apiguardian\apiguardian-api\1.1.2\apiguardian-api-1.1.2.jar;C:\Users\Harish kumar\.m2\repository\io\cucumber\cucumber-testng\7.18.0\cucumber-testng-7.18.0.jar;C:\Users\Harish kumar\.m2\repository\org\testng\testng\7.10.1\testng-7.10.1.jar;C:\Users\Harish kumar\.m2\repository\com\beust\jcommander\1.82\jcommander-1.82.jar;C:\Users\Harish kumar\.m2\repository\org\webjars\jquery\3.7.1\jquery-3.7.1.jar;C:\Users\Harish kumar\.m2\repository\io\cucumber\cucumber-junit\7.15.0\cucumber-junit-7.15.0.jar;C:\Users\Harish kumar\.m2\repository\io\cucumber\cucumber-jvm-deps\1.0.6\cucumber-jvm-deps-1.0.6.jar;C:\Users\Harish kumar\.m2\repository\net\masterthought\cucumber-reporting\5.7.8\cucumber-reporting-5.7.8.jar;C:\Users\Harish kumar\.m2\repository\com\fasterxml\jackson\core\jackson-databind\2.16.0\jackson-databind-2.16.0.jar;C:\Users\Harish kumar\.m2\repository\com\fasterxml\jackson\core\jackson-annotations\2.16.0\jackson-annotations-2.16.0.jar;C:\Users\Harish kumar\.m2\repository\com\fasterxml\jackson\core\jackson-core\2.16.0\jackson-core-2.16.0.jar;C:\Users\Harish kumar\.m2\repository\com\fasterxml\jackson\datatype\jackson-datatype-jsr310\2.16.0\jackson-datatype-jsr310-2.16.0.jar;C:\Users\Harish kumar\.m2\repository\org\apache\velocity\velocity-engine-core\2.3\velocity-engine-core-2.3.jar;C:\Users\Harish kumar\.m2\repository\joda-time\joda-time\2.12.5\joda-time-2.12.5.jar;C:\Users\Harish kumar\.m2\repository\org\codehaus\plexus\plexus-utils\3.5.1\plexus-utils-3.5.1.jar;C:\Users\Harish kumar\.m2\repository\org\jsoup\jsoup\1.17.1\jsoup-1.17.1.jar;C:\Users\Harish kumar\.m2\repository\com\googlecode\owasp-java-html-sanitizer\owasp-java-html-sanitizer\20220608.1\owasp-java-html-sanitizer-20220608.1.jar;C:\Users\Harish kumar\.m2\repository\com\google\guava\guava\30.1-jre\guava-30.1-jre.jar;C:\Users\Harish kumar\.m2\repository\com\google\guava\failureaccess\1.0.1\failureaccess-1.0.1.jar;C:\Users\Harish kumar\.m2\repository\com\google\guava\listenablefuture\9999.0-empty-to-avoid-conflict-with-guava\listenablefuture-9999.0-empty-to-avoid-conflict-with-guava.jar;C:\Users\Harish kumar\.m2\repository\com\google\code\findbugs\jsr305\3.0.2\jsr305-3.0.2.jar;C:\Users\Harish kumar\.m2\repository\org\checkerframework\checker-qual\3.5.0\checker-qual-3.5.0.jar;C:\Users\Harish kumar\.m2\repository\com\google\errorprone\error_prone_annotations\2.3.4\error_prone_annotations-2.3.4.jar;C:\Users\Harish kumar\.m2\repository\com\google\j2objc\j2objc-annotations\1.3\j2objc-annotations-1.3.jar;C:\Users\Harish kumar\.m2\repository\commons-configuration\commons-configuration\1.10\commons-configuration-1.10.jar;C:\Users\Harish kumar\.m2\repository\commons-lang\commons-lang\2.6\commons-lang-2.6.jar;C:\Users\Harish kumar\.m2\repository\commons-logging\commons-logging\1.1.1\commons-logging-1.1.1.jar;C:\Users\Harish kumar\.m2\repository\org\hamcrest\hamcrest-core\2.2\hamcrest-core-2.2.jar;C:\Users\Harish kumar\.m2\repository\org\hamcrest\hamcrest\2.2\hamcrest-2.2.jar;C:\Users\Harish kumar\.m2\repository\io\cucumber\gherkin\27.0.0\gherkin-27.0.0.jar;C:\Users\Harish kumar\.m2\repository\io\cucumber\messages\22.0.0\messages-22.0.0.jar;C:\Users\Harish kumar\.m2\repository\org\seleniumhq\selenium\selenium-java\4.19.1\selenium-java-4.19.1.jar;C:\Users\Harish kumar\.m2\repository\org\seleniumhq\selenium\selenium-api\4.19.1\selenium-api-4.19.1.jar;C:\Users\Harish kumar\.m2\repository\org\seleniumhq\selenium\selenium-chrome-driver\4.19.1\selenium-chrome-driver-4.19.1.jar;C:\Users\Harish kumar\.m2\repository\com\google\auto\service\auto-service-annotations\1.1.1\auto-service-annotations-1.1.1.jar;C:\Users\Harish kumar\.m2\repository\org\seleniumhq\selenium\selenium-chromium-driver\4.19.1\selenium-chromium-driver-4.19.1.jar;C:\Users\Harish kumar\.m2\repository\org\seleniumhq\selenium\selenium-json\4.19.1\selenium-json-4.19.1.jar;C:\Users\Harish kumar\.m2\repository\org\seleniumhq\selenium\selenium-manager\4.19.1\selenium-manager-4.19.1.jar;C:\Users\Harish kumar\.m2\repository\org\seleniumhq\selenium\selenium-devtools-v121\4.19.1\selenium-devtools-v121-4.19.1.jar;C:\Users\Harish kumar\.m2\repository\org\seleniumhq\selenium\selenium-devtools-v122\4.19.1\selenium-devtools-v122-4.19.1.jar;C:\Users\Harish kumar\.m2\repository\org\seleniumhq\selenium\selenium-devtools-v123\4.19.1\selenium-devtools-v123-4.19.1.jar;C:\Users\Harish kumar\.m2\repository\org\seleniumhq\selenium\selenium-devtools-v85\4.19.1\selenium-devtools-v85-4.19.1.jar;C:\Users\Harish kumar\.m2\repository\org\seleniumhq\selenium\selenium-edge-driver\4.19.1\selenium-edge-driver-4.19.1.jar;C:\Users\Harish kumar\.m2\repository\org\seleniumhq\selenium\selenium-firefox-driver\4.19.1\selenium-firefox-driver-4.19.1.jar;C:\Users\Harish kumar\.m2\repository\org\seleniumhq\selenium\selenium-http\4.19.1\selenium-http-4.19.1.jar;C:\Users\Harish kumar\.m2\repository\dev\failsafe\failsafe\3.3.2\failsafe-3.3.2.jar;C:\Users\Harish kumar\.m2\repository\org\seleniumhq\selenium\selenium-ie-driver\4.19.1\selenium-ie-driver-4.19.1.jar;C:\Users\Harish kumar\.m2\repository\org\seleniumhq\selenium\selenium-remote-driver\4.19.1\selenium-remote-driver-4.19.1.jar;C:\Users\Harish kumar\.m2\repository\io\opentelemetry\semconv\opentelemetry-semconv\1.23.1-alpha\opentelemetry-semconv-1.23.1-alpha.jar;C:\Users\Harish kumar\.m2\repository\io\opentelemetry\opentelemetry-api\1.36.0\opentelemetry-api-1.36.0.jar;C:\Users\Harish kumar\.m2\repository\io\opentelemetry\opentelemetry-context\1.36.0\opentelemetry-context-1.36.0.jar;C:\Users\Harish kumar\.m2\repository\io\opentelemetry\opentelemetry-exporter-logging\1.36.0\opentelemetry-exporter-logging-1.36.0.jar;C:\Users\Harish kumar\.m2\repository\io\opentelemetry\opentelemetry-sdk-common\1.36.0\opentelemetry-sdk-common-1.36.0.jar;C:\Users\Harish kumar\.m2\repository\io\opentelemetry\opentelemetry-sdk-extension-autoconfigure-spi\1.36.0\opentelemetry-sdk-extension-autoconfigure-spi-1.36.0.jar;C:\Users\Harish kumar\.m2\repository\io\opentelemetry\opentelemetry-sdk-extension-autoconfigure\1.36.0\opentelemetry-sdk-extension-autoconfigure-1.36.0.jar;C:\Users\Harish kumar\.m2\repository\io\opentelemetry\opentelemetry-api-events\1.36.0-alpha\opentelemetry-api-events-1.36.0-alpha.jar;C:\Users\Harish kumar\.m2\repository\io\opentelemetry\opentelemetry-sdk-trace\1.36.0\opentelemetry-sdk-trace-1.36.0.jar;C:\Users\Harish kumar\.m2\repository\io\opentelemetry\opentelemetry-extension-incubator\1.36.0-alpha\opentelemetry-extension-incubator-1.36.0-alpha.jar;C:\Users\Harish kumar\.m2\repository\io\opentelemetry\opentelemetry-sdk\1.36.0\opentelemetry-sdk-1.36.0.jar;C:\Users\Harish kumar\.m2\repository\io\opentelemetry\opentelemetry-sdk-metrics\1.36.0\opentelemetry-sdk-metrics-1.36.0.jar;C:\Users\Harish kumar\.m2\repository\io\opentelemetry\opentelemetry-sdk-logs\1.36.0\opentelemetry-sdk-logs-1.36.0.jar;C:\Users\Harish kumar\.m2\repository\net\bytebuddy\byte-buddy\1.14.12\byte-buddy-1.14.12.jar;C:\Users\Harish kumar\.m2\repository\org\seleniumhq\selenium\selenium-os\4.19.1\selenium-os-4.19.1.jar;C:\Users\Harish kumar\.m2\repository\org\apache\commons\commons-exec\1.3\commons-exec-1.3.jar;C:\Users\Harish kumar\.m2\repository\org\seleniumhq\selenium\selenium-safari-driver\4.19.1\selenium-safari-driver-4.19.1.jar;C:\Users\Harish kumar\.m2\repository\org\seleniumhq\selenium\selenium-support\4.19.1\selenium-support-4.19.1.jar;C:\Program Files\Java\jdk-17\lib\tools-1.5.0.jar;"/>
    <property name="java.vm.vendor" value="Oracle Corporation"/>
    <property name="sun.arch.data.model" value="64"/>
    <property name="user.variant" value=""/>
    <property name="java.vendor.url" value="https://java.oracle.com/"/>
    <property name="user.timezone" value="Asia/Calcutta"/>
    <property name="os.name" value="Windows 11"/>
    <property name="java.vm.specification.version" value="21"/>
    <property name="sun.java.launcher" value="SUN_STANDARD"/>
    <property name="user.country" value="IN"/>
    <property name="sun.boot.library.path" value="C:\Program Files\Java\jdk-21\bin"/>
    <property name="sun.java.command" value="C:\Users\Harish kumar\AppData\Local\Temp\surefire2639048961512879464\surefirebooter17501780338478289801.jar C:\Users\Harish kumar\AppData\Local\Temp\surefire2639048961512879464 2024-06-14T21-47-40_858-jvmRun1 surefire6240362309646337783tmp surefire_013759111743894354076tmp"/>
    <property name="jdk.debug" value="release"/>
    <property name="surefire.test.class.path" value="C:\Users\Harish kumar\Music\masterRepo\Java_Bdd_selenium4\target\test-classes;C:\Users\Harish kumar\Music\masterRepo\Java_Bdd_selenium4\target\classes;C:\Users\Harish kumar\.m2\repository\io\github\bonigarcia\webdrivermanager\5.7.0\webdrivermanager-5.7.0.jar;C:\Users\Harish kumar\.m2\repository\com\google\code\gson\gson\2.10.1\gson-2.10.1.jar;C:\Users\Harish kumar\.m2\repository\com\github\docker-java\docker-java\3.3.5\docker-java-3.3.5.jar;C:\Users\Harish kumar\.m2\repository\com\github\docker-java\docker-java-core\3.3.5\docker-java-core-3.3.5.jar;C:\Users\Harish kumar\.m2\repository\com\github\docker-java\docker-java-api\3.3.5\docker-java-api-3.3.5.jar;C:\Users\Harish kumar\.m2\repository\org\bouncycastle\bcpkix-jdk18on\1.76\bcpkix-jdk18on-1.76.jar;C:\Users\Harish kumar\.m2\repository\org\bouncycastle\bcprov-jdk18on\1.76\bcprov-jdk18on-1.76.jar;C:\Users\Harish kumar\.m2\repository\org\bouncycastle\bcutil-jdk18on\1.76\bcutil-jdk18on-1.76.jar;C:\Users\Harish kumar\.m2\repository\org\slf4j\jcl-over-slf4j\1.7.30\jcl-over-slf4j-1.7.30.jar;C:\Users\Harish kumar\.m2\repository\com\github\docker-java\docker-java-transport-httpclient5\3.3.5\docker-java-transport-httpclient5-3.3.5.jar;C:\Users\Harish kumar\.m2\repository\com\github\docker-java\docker-java-transport\3.3.5\docker-java-transport-3.3.5.jar;C:\Users\Harish kumar\.m2\repository\net\java\dev\jna\jna\5.13.0\jna-5.13.0.jar;C:\Users\Harish kumar\.m2\repository\org\brotli\dec\0.1.2\dec-0.1.2.jar;C:\Users\Harish kumar\.m2\repository\org\apache\commons\commons-lang3\3.14.0\commons-lang3-3.14.0.jar;C:\Users\Harish kumar\.m2\repository\org\apache\commons\commons-compress\1.26.0\commons-compress-1.26.0.jar;C:\Users\Harish kumar\.m2\repository\org\apache\httpcomponents\client5\httpclient5\5.2.1\httpclient5-5.2.1.jar;C:\Users\Harish kumar\.m2\repository\org\apache\httpcomponents\core5\httpcore5\5.2\httpcore5-5.2.jar;C:\Users\Harish kumar\.m2\repository\org\apache\httpcomponents\core5\httpcore5-h2\5.2\httpcore5-h2-5.2.jar;C:\Users\Harish kumar\.m2\repository\junit\junit\4.11\junit-4.11.jar;C:\Users\Harish kumar\.m2\repository\org\slf4j\slf4j-api\1.7.30\slf4j-api-1.7.30.jar;C:\Users\Harish kumar\.m2\repository\ch\qos\logback\logback-classic\1.2.3\logback-classic-1.2.3.jar;C:\Users\Harish kumar\.m2\repository\ch\qos\logback\logback-core\1.2.3\logback-core-1.2.3.jar;C:\Users\Harish kumar\.m2\repository\org\apache\poi\poi\5.2.3\poi-5.2.3.jar;C:\Users\Harish kumar\.m2\repository\commons-codec\commons-codec\1.15\commons-codec-1.15.jar;C:\Users\Harish kumar\.m2\repository\org\apache\commons\commons-collections4\4.4\commons-collections4-4.4.jar;C:\Users\Harish kumar\.m2\repository\org\apache\commons\commons-math3\3.6.1\commons-math3-3.6.1.jar;C:\Users\Harish kumar\.m2\repository\commons-io\commons-io\2.11.0\commons-io-2.11.0.jar;C:\Users\Harish kumar\.m2\repository\com\zaxxer\SparseBitSet\1.2\SparseBitSet-1.2.jar;C:\Users\Harish kumar\.m2\repository\org\apache\logging\log4j\log4j-api\2.18.0\log4j-api-2.18.0.jar;C:\Users\Harish kumar\.m2\repository\org\apache\poi\poi-ooxml\5.2.3\poi-ooxml-5.2.3.jar;C:\Users\Harish kumar\.m2\repository\org\apache\poi\poi-ooxml-lite\5.2.3\poi-ooxml-lite-5.2.3.jar;C:\Users\Harish kumar\.m2\repository\org\apache\xmlbeans\xmlbeans\5.1.1\xmlbeans-5.1.1.jar;C:\Users\Harish kumar\.m2\repository\com\github\virtuald\curvesapi\1.07\curvesapi-1.07.jar;C:\Users\Harish kumar\.m2\repository\io\cucumber\cucumber-html\0.2.7\cucumber-html-0.2.7.jar;C:\Users\Harish kumar\.m2\repository\net\sourceforge\cobertura\cobertura\2.1.1\cobertura-2.1.1.jar;C:\Users\Harish kumar\.m2\repository\org\ow2\asm\asm\5.0.1\asm-5.0.1.jar;C:\Users\Harish kumar\.m2\repository\org\ow2\asm\asm-tree\5.0.1\asm-tree-5.0.1.jar;C:\Users\Harish kumar\.m2\repository\org\ow2\asm\asm-commons\5.0.1\asm-commons-5.0.1.jar;C:\Users\Harish kumar\.m2\repository\org\ow2\asm\asm-util\5.0.1\asm-util-5.0.1.jar;C:\Users\Harish kumar\.m2\repository\org\ow2\asm\asm-analysis\5.0.1\asm-analysis-5.0.1.jar;C:\Users\Harish kumar\.m2\repository\oro\oro\2.0.8\oro-2.0.8.jar;C:\Users\Harish kumar\.m2\repository\jaxen\jaxen\1.1.4\jaxen-1.1.4.jar;C:\Users\Harish kumar\.m2\repository\org\apache\ant\ant\1.8.3\ant-1.8.3.jar;C:\Users\Harish kumar\.m2\repository\org\apache\ant\ant-launcher\1.8.3\ant-launcher-1.8.3.jar;C:\Users\Harish kumar\.m2\repository\org\apache\ant\ant-junit\1.8.3\ant-junit-1.8.3.jar;C:\Users\Harish kumar\.m2\repository\org\mortbay\jetty\servlet-api-2.5\6.1.14\servlet-api-2.5-6.1.14.jar;C:\Users\Harish kumar\.m2\repository\org\mortbay\jetty\jetty\6.1.14\jetty-6.1.14.jar;C:\Users\Harish kumar\.m2\repository\org\mortbay\jetty\jetty-util\6.1.14\jetty-util-6.1.14.jar;C:\Users\Harish kumar\.m2\repository\io\cucumber\cucumber-java\7.15.0\cucumber-java-7.15.0.jar;C:\Users\Harish kumar\.m2\repository\io\cucumber\cucumber-core\7.15.0\cucumber-core-7.15.0.jar;C:\Users\Harish kumar\.m2\repository\io\cucumber\cucumber-gherkin\7.15.0\cucumber-gherkin-7.15.0.jar;C:\Users\Harish kumar\.m2\repository\io\cucumber\cucumber-gherkin-messages\7.15.0\cucumber-gherkin-messages-7.15.0.jar;C:\Users\Harish kumar\.m2\repository\io\cucumber\tag-expressions\6.0.0\tag-expressions-6.0.0.jar;C:\Users\Harish kumar\.m2\repository\io\cucumber\cucumber-expressions\17.0.1\cucumber-expressions-17.0.1.jar;C:\Users\Harish kumar\.m2\repository\io\cucumber\datatable\7.15.0\datatable-7.15.0.jar;C:\Users\Harish kumar\.m2\repository\io\cucumber\cucumber-plugin\7.15.0\cucumber-plugin-7.15.0.jar;C:\Users\Harish kumar\.m2\repository\io\cucumber\docstring\7.15.0\docstring-7.15.0.jar;C:\Users\Harish kumar\.m2\repository\io\cucumber\html-formatter\20.4.0\html-formatter-20.4.0.jar;C:\Users\Harish kumar\.m2\repository\io\cucumber\junit-xml-formatter\0.2.0\junit-xml-formatter-0.2.0.jar;C:\Users\Harish kumar\.m2\repository\io\cucumber\ci-environment\10.0.0\ci-environment-10.0.0.jar;C:\Users\Harish kumar\.m2\repository\org\apiguardian\apiguardian-api\1.1.2\apiguardian-api-1.1.2.jar;C:\Users\Harish kumar\.m2\repository\io\cucumber\cucumber-testng\7.18.0\cucumber-testng-7.18.0.jar;C:\Users\Harish kumar\.m2\repository\org\testng\testng\7.10.1\testng-7.10.1.jar;C:\Users\Harish kumar\.m2\repository\com\beust\jcommander\1.82\jcommander-1.82.jar;C:\Users\Harish kumar\.m2\repository\org\webjars\jquery\3.7.1\jquery-3.7.1.jar;C:\Users\Harish kumar\.m2\repository\io\cucumber\cucumber-junit\7.15.0\cucumber-junit-7.15.0.jar;C:\Users\Harish kumar\.m2\repository\io\cucumber\cucumber-jvm-deps\1.0.6\cucumber-jvm-deps-1.0.6.jar;C:\Users\Harish kumar\.m2\repository\net\masterthought\cucumber-reporting\5.7.8\cucumber-reporting-5.7.8.jar;C:\Users\Harish kumar\.m2\repository\com\fasterxml\jackson\core\jackson-databind\2.16.0\jackson-databind-2.16.0.jar;C:\Users\Harish kumar\.m2\repository\com\fasterxml\jackson\core\jackson-annotations\2.16.0\jackson-annotations-2.16.0.jar;C:\Users\Harish kumar\.m2\repository\com\fasterxml\jackson\core\jackson-core\2.16.0\jackson-core-2.16.0.jar;C:\Users\Harish kumar\.m2\repository\com\fasterxml\jackson\datatype\jackson-datatype-jsr310\2.16.0\jackson-datatype-jsr310-2.16.0.jar;C:\Users\Harish kumar\.m2\repository\org\apache\velocity\velocity-engine-core\2.3\velocity-engine-core-2.3.jar;C:\Users\Harish kumar\.m2\repository\joda-time\joda-time\2.12.5\joda-time-2.12.5.jar;C:\Users\Harish kumar\.m2\repository\org\codehaus\plexus\plexus-utils\3.5.1\plexus-utils-3.5.1.jar;C:\Users\Harish kumar\.m2\repository\org\jsoup\jsoup\1.17.1\jsoup-1.17.1.jar;C:\Users\Harish kumar\.m2\repository\com\googlecode\owasp-java-html-sanitizer\owasp-java-html-sanitizer\20220608.1\owasp-java-html-sanitizer-20220608.1.jar;C:\Users\Harish kumar\.m2\repository\com\google\guava\guava\30.1-jre\guava-30.1-jre.jar;C:\Users\Harish kumar\.m2\repository\com\google\guava\failureaccess\1.0.1\failureaccess-1.0.1.jar;C:\Users\Harish kumar\.m2\repository\com\google\guava\listenablefuture\9999.0-empty-to-avoid-conflict-with-guava\listenablefuture-9999.0-empty-to-avoid-conflict-with-guava.jar;C:\Users\Harish kumar\.m2\repository\com\google\code\findbugs\jsr305\3.0.2\jsr305-3.0.2.jar;C:\Users\Harish kumar\.m2\repository\org\checkerframework\checker-qual\3.5.0\checker-qual-3.5.0.jar;C:\Users\Harish kumar\.m2\repository\com\google\errorprone\error_prone_annotations\2.3.4\error_prone_annotations-2.3.4.jar;C:\Users\Harish kumar\.m2\repository\com\google\j2objc\j2objc-annotations\1.3\j2objc-annotations-1.3.jar;C:\Users\Harish kumar\.m2\repository\commons-configuration\commons-configuration\1.10\commons-configuration-1.10.jar;C:\Users\Harish kumar\.m2\repository\commons-lang\commons-lang\2.6\commons-lang-2.6.jar;C:\Users\Harish kumar\.m2\repository\commons-logging\commons-logging\1.1.1\commons-logging-1.1.1.jar;C:\Users\Harish kumar\.m2\repository\org\hamcrest\hamcrest-core\2.2\hamcrest-core-2.2.jar;C:\Users\Harish kumar\.m2\repository\org\hamcrest\hamcrest\2.2\hamcrest-2.2.jar;C:\Users\Harish kumar\.m2\repository\io\cucumber\gherkin\27.0.0\gherkin-27.0.0.jar;C:\Users\Harish kumar\.m2\repository\io\cucumber\messages\22.0.0\messages-22.0.0.jar;C:\Users\Harish kumar\.m2\repository\org\seleniumhq\selenium\selenium-java\4.19.1\selenium-java-4.19.1.jar;C:\Users\Harish kumar\.m2\repository\org\seleniumhq\selenium\selenium-api\4.19.1\selenium-api-4.19.1.jar;C:\Users\Harish kumar\.m2\repository\org\seleniumhq\selenium\selenium-chrome-driver\4.19.1\selenium-chrome-driver-4.19.1.jar;C:\Users\Harish kumar\.m2\repository\com\google\auto\service\auto-service-annotations\1.1.1\auto-service-annotations-1.1.1.jar;C:\Users\Harish kumar\.m2\repository\org\seleniumhq\selenium\selenium-chromium-driver\4.19.1\selenium-chromium-driver-4.19.1.jar;C:\Users\Harish kumar\.m2\repository\org\seleniumhq\selenium\selenium-json\4.19.1\selenium-json-4.19.1.jar;C:\Users\Harish kumar\.m2\repository\org\seleniumhq\selenium\selenium-manager\4.19.1\selenium-manager-4.19.1.jar;C:\Users\Harish kumar\.m2\repository\org\seleniumhq\selenium\selenium-devtools-v121\4.19.1\selenium-devtools-v121-4.19.1.jar;C:\Users\Harish kumar\.m2\repository\org\seleniumhq\selenium\selenium-devtools-v122\4.19.1\selenium-devtools-v122-4.19.1.jar;C:\Users\Harish kumar\.m2\repository\org\seleniumhq\selenium\selenium-devtools-v123\4.19.1\selenium-devtools-v123-4.19.1.jar;C:\Users\Harish kumar\.m2\repository\org\seleniumhq\selenium\selenium-devtools-v85\4.19.1\selenium-devtools-v85-4.19.1.jar;C:\Users\Harish kumar\.m2\repository\org\seleniumhq\selenium\selenium-edge-driver\4.19.1\selenium-edge-driver-4.19.1.jar;C:\Users\Harish kumar\.m2\repository\org\seleniumhq\selenium\selenium-firefox-driver\4.19.1\selenium-firefox-driver-4.19.1.jar;C:\Users\Harish kumar\.m2\repository\org\seleniumhq\selenium\selenium-http\4.19.1\selenium-http-4.19.1.jar;C:\Users\Harish kumar\.m2\repository\dev\failsafe\failsafe\3.3.2\failsafe-3.3.2.jar;C:\Users\Harish kumar\.m2\repository\org\seleniumhq\selenium\selenium-ie-driver\4.19.1\selenium-ie-driver-4.19.1.jar;C:\Users\Harish kumar\.m2\repository\org\seleniumhq\selenium\selenium-remote-driver\4.19.1\selenium-remote-driver-4.19.1.jar;C:\Users\Harish kumar\.m2\repository\io\opentelemetry\semconv\opentelemetry-semconv\1.23.1-alpha\opentelemetry-semconv-1.23.1-alpha.jar;C:\Users\Harish kumar\.m2\repository\io\opentelemetry\opentelemetry-api\1.36.0\opentelemetry-api-1.36.0.jar;C:\Users\Harish kumar\.m2\repository\io\opentelemetry\opentelemetry-context\1.36.0\opentelemetry-context-1.36.0.jar;C:\Users\Harish kumar\.m2\repository\io\opentelemetry\opentelemetry-exporter-logging\1.36.0\opentelemetry-exporter-logging-1.36.0.jar;C:\Users\Harish kumar\.m2\repository\io\opentelemetry\opentelemetry-sdk-common\1.36.0\opentelemetry-sdk-common-1.36.0.jar;C:\Users\Harish kumar\.m2\repository\io\opentelemetry\opentelemetry-sdk-extension-autoconfigure-spi\1.36.0\opentelemetry-sdk-extension-autoconfigure-spi-1.36.0.jar;C:\Users\Harish kumar\.m2\repository\io\opentelemetry\opentelemetry-sdk-extension-autoconfigure\1.36.0\opentelemetry-sdk-extension-autoconfigure-1.36.0.jar;C:\Users\Harish kumar\.m2\repository\io\opentelemetry\opentelemetry-api-events\1.36.0-alpha\opentelemetry-api-events-1.36.0-alpha.jar;C:\Users\Harish kumar\.m2\repository\io\opentelemetry\opentelemetry-sdk-trace\1.36.0\opentelemetry-sdk-trace-1.36.0.jar;C:\Users\Harish kumar\.m2\repository\io\opentelemetry\opentelemetry-extension-incubator\1.36.0-alpha\opentelemetry-extension-incubator-1.36.0-alpha.jar;C:\Users\Harish kumar\.m2\repository\io\opentelemetry\opentelemetry-sdk\1.36.0\opentelemetry-sdk-1.36.0.jar;C:\Users\Harish kumar\.m2\repository\io\opentelemetry\opentelemetry-sdk-metrics\1.36.0\opentelemetry-sdk-metrics-1.36.0.jar;C:\Users\Harish kumar\.m2\repository\io\opentelemetry\opentelemetry-sdk-logs\1.36.0\opentelemetry-sdk-logs-1.36.0.jar;C:\Users\Harish kumar\.m2\repository\net\bytebuddy\byte-buddy\1.14.12\byte-buddy-1.14.12.jar;C:\Users\Harish kumar\.m2\repository\org\seleniumhq\selenium\selenium-os\4.19.1\selenium-os-4.19.1.jar;C:\Users\Harish kumar\.m2\repository\org\apache\commons\commons-exec\1.3\commons-exec-1.3.jar;C:\Users\Harish kumar\.m2\repository\org\seleniumhq\selenium\selenium-safari-driver\4.19.1\selenium-safari-driver-4.19.1.jar;C:\Users\Harish kumar\.m2\repository\org\seleniumhq\selenium\selenium-support\4.19.1\selenium-support-4.19.1.jar;C:\Program Files\Java\jdk-17\lib\tools-1.5.0.jar;"/>
    <property name="sun.cpu.endian" value="little"/>
    <property name="user.home" value="C:\Users\Harish kumar"/>
    <property name="user.language" value="en"/>
    <property name="java.specification.vendor" value="Oracle Corporation"/>
    <property name="java.version.date" value="2024-01-16"/>
    <property name="java.home" value="C:\Program Files\Java\jdk-21"/>
    <property name="file.separator" value="\"/>
    <property name="basedir" value="C:\Users\Harish kumar\Music\masterRepo\Java_Bdd_selenium4"/>
    <property name="style.color" value="always"/>
    <property name="java.vm.compressedOopsMode" value="Zero based"/>
    <property name="line.separator" value="&#10;"/>
    <property name="java.vm.specification.vendor" value="Oracle Corporation"/>
    <property name="java.specification.name" value="Java Platform API Specification"/>
    <property name="surefire.real.class.path" value="C:\Users\Harish kumar\AppData\Local\Temp\surefire2639048961512879464\surefirebooter17501780338478289801.jar"/>
    <property name="user.script" value=""/>
    <property name="sun.management.compiler" value="HotSpot 64-Bit Tiered Compilers"/>
    <property name="java.runtime.version" value="21.0.2+13-LTS-58"/>
    <property name="user.name" value="Harish kumar"/>
    <property name="stdout.encoding" value="Cp1252"/>
    <property name="path.separator" value=";"/>
    <property name="os.version" value="10.0"/>
    <property name="java.runtime.name" value="Java(TM) SE Runtime Environment"/>
    <property name="file.encoding" value="UTF-8"/>
    <property name="java.vm.name" value="Java HotSpot(TM) 64-Bit Server VM"/>
    <property name="localRepository" value="C:\Users\Harish kumar\.m2\repository"/>
    <property name="java.vendor.url.bug" value="https://bugreport.java.com/bugreport/"/>
    <property name="java.io.tmpdir" value="C:\Users\Harish kumar\AppData\Local\Temp\"/>
    <property name="java.version" value="21.0.2"/>
    <property name="user.dir" value="C:\Users\Harish kumar\Music\masterRepo\Java_Bdd_selenium4"/>
    <property name="os.arch" value="amd64"/>
    <property name="java.vm.specification.name" value="Java Virtual Machine Specification"/>
    <property name="sun.os.patch.level" value=""/>
    <property name="native.encoding" value="Cp1252"/>
    <property name="java.library.path" value="C:\Program Files\Java\jdk-21\bin;C:\WINDOWS\Sun\Java\bin;C:\WINDOWS\system32;C:\WINDOWS;C:\Program Files\Common Files\Oracle\Java\javapath;C:\WINDOWS\system32;C:\WINDOWS;C:\WINDOWS\System32\Wbem;C:\WINDOWS\System32\WindowsPowerShell\v1.0\;C:\WINDOWS\System32\OpenSSH\;C:\Program Files\Java\jdk-17.0.2\bin;C:\ProgramData\chocolatey\bin;C:\Program Files\dotnet\;C:\Program Files\Git\cmd;C:\Python310\Scripts;C:\allure-2.23.0\bin;C:\Program Files\nodejs\;C:\Program Files\Java\jdk-21\bin;C:\Program Files\apache-maven-3.9.6\bin;C:\Python310\Scripts\;C:\Python310\;C:\Users\Harish kumar\AppData\Local\Programs\Python\Python310\Scripts\;C:\Users\Harish kumar\AppData\Local\Programs\Python\Python310\;C:\Users\Harish kumar\AppData\Local\Microsoft\WindowsApps;C:\Users\Harish kumar\AppData\Local\GitHubDesktop\bin;C:\Users\Harish kumar\AppData\Local\Programs\Microsoft VS Code\bin;C:\Program Files\JetBrains\PyCharm Community Edition 2022.1\bin;;C:\Users\Harish kumar\AppData\Roaming\npm;C:\Program Files\JetBrains\IntelliJ IDEA 2023.3.5\bin;;."/>
    <property name="java.vm.info" value="mixed mode, sharing"/>
    <property name="stderr.encoding" value="Cp1252"/>
    <property name="java.vendor" value="Oracle Corporation"/>
    <property name="java.vm.version" value="21.0.2+13-LTS-58"/>
    <property name="sun.io.unicode.encoding" value="UnicodeLittle"/>
    <property name="java.class.version" value="65.0"/>
  </properties>
  <testcase name="runScenario[&quot;Should verify contact feature under menu using Excel data&quot;, &quot;Contact&quot;](1)" classname="TestRunner.CucumberTestRunner" time="7.269">
    <system-out><![CDATA[21:47:41,672 |-INFO in ch.qos.logback.classic.LoggerContext[default] - Could NOT find resource [logback-test.xml]
21:47:41,673 |-INFO in ch.qos.logback.classic.LoggerContext[default] - Could NOT find resource [logback.groovy]
21:47:41,673 |-INFO in ch.qos.logback.classic.LoggerContext[default] - Found resource [logback.xml] at [file:/C:/Users/Harish%20kumar/Music/masterRepo/Java_Bdd_selenium4/target/classes/logback.xml]
21:47:41,674 |-WARN in ch.qos.logback.classic.LoggerContext[default] - Resource [logback.xml] occurs multiple times on the classpath.
21:47:41,674 |-WARN in ch.qos.logback.classic.LoggerContext[default] - Resource [logback.xml] occurs at [file:/C:/Users/Harish%20kumar/Music/masterRepo/Java_Bdd_selenium4/target/classes/logback.xml]
21:47:41,674 |-WARN in ch.qos.logback.classic.LoggerContext[default] - Resource [logback.xml] occurs at [jar:file:/C:/Users/Harish%20kumar/.m2/repository/net/sourceforge/cobertura/cobertura/2.1.1/cobertura-2.1.1.jar!/logback.xml]
21:47:41,728 |-INFO in ch.qos.logback.classic.joran.action.ConfigurationAction - debug attribute not set
21:47:41,729 |-INFO in ch.qos.logback.core.joran.action.AppenderAction - About to instantiate appender of type [ch.qos.logback.core.ConsoleAppender]
21:47:41,734 |-INFO in ch.qos.logback.core.joran.action.AppenderAction - Naming appender as [STDOUT]
21:47:41,740 |-INFO in ch.qos.logback.core.joran.action.NestedComplexPropertyIA - Assuming default type [ch.qos.logback.classic.encoder.PatternLayoutEncoder] for [encoder] property
21:47:41,765 |-INFO in ch.qos.logback.core.joran.action.AppenderAction - About to instantiate appender of type [ch.qos.logback.core.FileAppender]
21:47:41,768 |-INFO in ch.qos.logback.core.joran.action.AppenderAction - Naming appender as [FILE]
21:47:41,773 |-INFO in ch.qos.logback.core.joran.action.NestedComplexPropertyIA - Assuming default type [ch.qos.logback.classic.encoder.PatternLayoutEncoder] for [encoder] property
21:47:41,774 |-INFO in ch.qos.logback.core.FileAppender[FILE] - File property is set to [logs/test-log.log]
21:47:41,776 |-INFO in ch.qos.logback.classic.joran.action.RootLoggerAction - Setting level of ROOT logger to DEBUG
21:47:41,776 |-INFO in ch.qos.logback.core.joran.action.AppenderRefAction - Attaching appender named [STDOUT] to Logger[ROOT]
21:47:41,778 |-INFO in ch.qos.logback.core.joran.action.AppenderRefAction - Attaching appender named [FILE] to Logger[ROOT]
21:47:41,778 |-INFO in ch.qos.logback.classic.joran.action.ConfigurationAction - End of configuration.
21:47:41,778 |-INFO in ch.qos.logback.classic.joran.JoranConfigurator@184cf7cf - Registering current configuration as safe fallback point

2024-06-14 21:47:41 DEBUG org.testng.TestNG - suiteXmlPath: "C:\Users\Harish kumar\Music\masterRepo\Java_Bdd_selenium4\testng.xml"

@Contactfill
Scenario: Should verify contact feature under menu using Excel data # Features/Contact.feature:3
2024-06-14 21:47:42 INFO  Hooks.Hooks - Deleting old screenshots.
2024-06-14 21:47:42 INFO  Hooks.Hooks - Initializing WebDriver.
2024-06-14 21:47:45 INFO  StepDefinitions.LoginTest - Launching Chrome browser.
The WebDriver is already initialized in the Hooks class
  Given User Launch chrome browser                                  # StepDefinitions.LoginTest.user_launch_chrome_browser()
2024-06-14 21:47:45 INFO  StepDefinitions.LoginTest - Navigating to login page.
  And Navigate to Home page                                         # StepDefinitions.ContactTest.navigate_to_home_page()
2024-06-14 21:47:45 INFO  StepDefinitions.LoginTest - Clicked on Contact of menu
  When click on Contact under menu                                  # StepDefinitions.ContactTest.click_on_contact_under_menu()
2024-06-14 21:47:46 INFO  StepDefinitions.LoginTest - Switched to alert
2024-06-14 21:47:46 INFO  StepDefinitions.LoginTest - Alert message: Thanks for the message!!
2024-06-14 21:47:46 INFO  StepDefinitions.LoginTest - Alert accepted
2024-06-14 21:47:47 INFO  StepDefinitions.LoginTest - Switched to alert
2024-06-14 21:47:47 INFO  StepDefinitions.LoginTest - Alert message: Thanks for the message!!
2024-06-14 21:47:47 INFO  StepDefinitions.LoginTest - Alert accepted
2024-06-14 21:47:48 INFO  StepDefinitions.LoginTest - Switched to alert
2024-06-14 21:47:48 INFO  StepDefinitions.LoginTest - Alert message: Thanks for the message!!
2024-06-14 21:47:48 INFO  StepDefinitions.LoginTest - Alert accepted
2024-06-14 21:47:48 INFO  StepDefinitions.LoginTest - Switched to alert
2024-06-14 21:47:48 INFO  StepDefinitions.LoginTest - Alert message: Thanks for the message!!
2024-06-14 21:47:48 INFO  StepDefinitions.LoginTest - Alert accepted
2024-06-14 21:47:49 INFO  StepDefinitions.LoginTest - Switched to alert
2024-06-14 21:47:49 INFO  StepDefinitions.LoginTest - Alert message: Thanks for the message!!
2024-06-14 21:47:49 INFO  StepDefinitions.LoginTest - Alert accepted
2024-06-14 21:47:49 INFO  StepDefinitions.LoginTest - Entered contact details
excel data: [[email, name, message], [test1@example.com, John Doe, am winner], [mars@trust.com, Jane Smith, good products], [earth@uni.com, Bob Johnson, calling you now], [villa@mojo.com, villa grace, rocking now]]
  Then should input Contact details from Excel                      # StepDefinitions.ContactTest.should_input_contact_details_from_excel()
  And Click on send message                                         # StepDefinitions.ContactTest.click_on_send_message()
2024-06-14 21:47:49 INFO  StepDefinitions.LoginTest - Alert is opned 
  When Alert is opened                                              # StepDefinitions.ContactTest.alert_is_opened()
  And validate Alert message                                        # StepDefinitions.ContactTest.validate_alert_message()
2024-06-14 21:47:49 INFO  Hooks.Hooks - Quitting WebDriver.
]]></system-out>
    <system-err><![CDATA[Jun 14, 2024 9:47:43 PM org.openqa.selenium.devtools.CdpVersionFinder findNearestMatch
WARNING: Unable to find an exact match for CDP version 125, returning the closest version; found: 123; Please update to a Selenium version that supports CDP version 125
ERROR StatusLogger Log4j2 could not find a logging implementation. Please add log4j-core to the classpath. Using SimpleLogger to log to the console...
]]></system-err>
  </testcase>
  <testcase name="runScenario[&quot;Check login with valid multiple credentials&quot;, &quot;Login&quot;](2)" classname="TestRunner.CucumberTestRunner" time="5.501">
    <system-out><![CDATA[
@login_positive
Scenario Outline: Check login with valid multiple credentials # Features/Login.feature:16
2024-06-14 21:47:49 INFO  Hooks.Hooks - Deleting old screenshots.
2024-06-14 21:47:49 INFO  Hooks.Hooks - Initializing WebDriver.
2024-06-14 21:47:51 INFO  StepDefinitions.LoginTest - Launching Chrome browser.
The WebDriver is already initialized in the Hooks class
  Given User Launch chrome browser                            # StepDefinitions.LoginTest.user_launch_chrome_browser()
2024-06-14 21:47:51 INFO  StepDefinitions.LoginTest - Navigating to login page.
  And Navigate to login page                                  # StepDefinitions.LoginTest.navigate_to_login_page()
2024-06-14 21:47:51 INFO  StepDefinitions.LoginTest - Entering username: harish24 and password: Hari@3344
  When Input username "harish24" and password "Hari@3344"     # StepDefinitions.LoginTest.input_username_and_password(java.lang.String,java.lang.String)
2024-06-14 21:47:52 INFO  StepDefinitions.LoginTest - Clicking on login.
  And Click on login                                          # StepDefinitions.LoginTest.click_on_login()
2024-06-14 21:47:52 INFO  StepDefinitions.LoginTest - Validating user login.
  Then login page user message should be validated            # StepDefinitions.LoginTest.login_page_user_message_should_be_validated()
2024-06-14 21:47:54 INFO  StepDefinitions.LoginTest - Clicking on logout.
  When User click on logout                                   # StepDefinitions.LoginTest.user_click_on_logout()
2024-06-14 21:47:55 INFO  StepDefinitions.LoginTest - Validating page title.
  Then Page title should be validated                         # StepDefinitions.LoginTest.page_title_should_be_validated()
2024-06-14 21:47:55 INFO  StepDefinitions.LoginTest - Closing the browser.
The WebDriver quit is handled in the Hooks class
  And close the browser                                       # StepDefinitions.LoginTest.close_the_browser()
2024-06-14 21:47:55 INFO  Hooks.Hooks - Quitting WebDriver.
]]></system-out>
    <system-err><![CDATA[Jun 14, 2024 9:47:50 PM org.openqa.selenium.devtools.CdpVersionFinder findNearestMatch
WARNING: Unable to find an exact match for CDP version 125, returning the closest version; found: 123; Please update to a Selenium version that supports CDP version 125
]]></system-err>
  </testcase>
  <testcase name="runScenario[&quot;Check login with valid multiple credentials&quot;, &quot;Login&quot;](3)" classname="TestRunner.CucumberTestRunner" time="4.921">
    <system-out><![CDATA[
@login_positive
Scenario Outline: Check login with valid multiple credentials # Features/Login.feature:17
2024-06-14 21:47:55 INFO  Hooks.Hooks - Deleting old screenshots.
2024-06-14 21:47:55 INFO  Hooks.Hooks - Initializing WebDriver.
2024-06-14 21:47:57 INFO  StepDefinitions.LoginTest - Launching Chrome browser.
The WebDriver is already initialized in the Hooks class
  Given User Launch chrome browser                            # StepDefinitions.LoginTest.user_launch_chrome_browser()
2024-06-14 21:47:57 INFO  StepDefinitions.LoginTest - Navigating to login page.
  And Navigate to login page                                  # StepDefinitions.LoginTest.navigate_to_login_page()
2024-06-14 21:47:57 INFO  StepDefinitions.LoginTest - Entering username: harish13 and password: test123
  When Input username "harish13" and password "test123"       # StepDefinitions.LoginTest.input_username_and_password(java.lang.String,java.lang.String)
2024-06-14 21:47:57 INFO  StepDefinitions.LoginTest - Clicking on login.
  And Click on login                                          # StepDefinitions.LoginTest.click_on_login()
2024-06-14 21:47:57 INFO  StepDefinitions.LoginTest - Validating user login.
  Then login page user message should be validated            # StepDefinitions.LoginTest.login_page_user_message_should_be_validated()
2024-06-14 21:47:59 INFO  StepDefinitions.LoginTest - Clicking on logout.
  When User click on logout                                   # StepDefinitions.LoginTest.user_click_on_logout()
2024-06-14 21:48:00 INFO  StepDefinitions.LoginTest - Validating page title.
  Then Page title should be validated                         # StepDefinitions.LoginTest.page_title_should_be_validated()
2024-06-14 21:48:00 INFO  StepDefinitions.LoginTest - Closing the browser.
The WebDriver quit is handled in the Hooks class
  And close the browser                                       # StepDefinitions.LoginTest.close_the_browser()
2024-06-14 21:48:00 INFO  Hooks.Hooks - Quitting WebDriver.
]]></system-out>
    <system-err><![CDATA[Jun 14, 2024 9:47:56 PM org.openqa.selenium.devtools.CdpVersionFinder findNearestMatch
WARNING: Unable to find an exact match for CDP version 125, returning the closest version; found: 123; Please update to a Selenium version that supports CDP version 125
]]></system-err>
  </testcase>
  <testcase name="runScenario[&quot;Check login with invalid credentials&quot;, &quot;Login&quot;](4)" classname="TestRunner.CucumberTestRunner" time="4.107">
    <system-out><![CDATA[
@login_negative
Scenario Outline: Check login with invalid credentials # Features/Login.feature:28
2024-06-14 21:48:00 INFO  Hooks.Hooks - Deleting old screenshots.
2024-06-14 21:48:00 INFO  Hooks.Hooks - Initializing WebDriver.
2024-06-14 21:48:02 INFO  StepDefinitions.LoginTest - Launching Chrome browser.
The WebDriver is already initialized in the Hooks class
  Given User Launch chrome browser                     # StepDefinitions.LoginTest.user_launch_chrome_browser()
2024-06-14 21:48:02 INFO  StepDefinitions.LoginTest - Navigating to login page.
  And Navigate to login page                           # StepDefinitions.LoginTest.navigate_to_login_page()
2024-06-14 21:48:02 INFO  StepDefinitions.LoginTest - Entering username: hagdhj and password: sdafgg
  When Input username "hagdhj" and password "sdafgg"   # StepDefinitions.LoginTest.input_username_and_password(java.lang.String,java.lang.String)
2024-06-14 21:48:03 INFO  StepDefinitions.LoginTest - Clicking on login.
  And Click on login                                   # StepDefinitions.LoginTest.click_on_login()
2024-06-14 21:48:03 INFO  StepDefinitions.LoginTest - Validating error message.
  When error message should be displayed               # StepDefinitions.LoginTest.error_message_should_be_displayed()
2024-06-14 21:48:04 INFO  StepDefinitions.LoginTest - Closing the browser.
The WebDriver quit is handled in the Hooks class
  And close the browser                                # StepDefinitions.LoginTest.close_the_browser()
2024-06-14 21:48:04 INFO  Hooks.Hooks - Quitting WebDriver.
]]></system-out>
    <system-err><![CDATA[Jun 14, 2024 9:48:01 PM org.openqa.selenium.devtools.CdpVersionFinder findNearestMatch
WARNING: Unable to find an exact match for CDP version 125, returning the closest version; found: 123; Please update to a Selenium version that supports CDP version 125
]]></system-err>
  </testcase>
  <testcase name="runScenario[&quot;Check login with invalid credentials&quot;, &quot;Login&quot;](5)" classname="TestRunner.CucumberTestRunner" time="3.69">
    <system-out><![CDATA[
@login_negative
Scenario Outline: Check login with invalid credentials # Features/Login.feature:29
2024-06-14 21:48:04 INFO  Hooks.Hooks - Deleting old screenshots.
2024-06-14 21:48:04 INFO  Hooks.Hooks - Initializing WebDriver.
2024-06-14 21:48:06 INFO  StepDefinitions.LoginTest - Launching Chrome browser.
The WebDriver is already initialized in the Hooks class
  Given User Launch chrome browser                     # StepDefinitions.LoginTest.user_launch_chrome_browser()
2024-06-14 21:48:06 INFO  StepDefinitions.LoginTest - Navigating to login page.
  And Navigate to login page                           # StepDefinitions.LoginTest.navigate_to_login_page()
2024-06-14 21:48:06 INFO  StepDefinitions.LoginTest - Entering username: teshha and password: hjklaj
  When Input username "teshha" and password "hjklaj"   # StepDefinitions.LoginTest.input_username_and_password(java.lang.String,java.lang.String)
2024-06-14 21:48:06 INFO  StepDefinitions.LoginTest - Clicking on login.
  And Click on login                                   # StepDefinitions.LoginTest.click_on_login()
2024-06-14 21:48:06 INFO  StepDefinitions.LoginTest - Validating error message.
  When error message should be displayed               # StepDefinitions.LoginTest.error_message_should_be_displayed()
2024-06-14 21:48:07 INFO  StepDefinitions.LoginTest - Closing the browser.
The WebDriver quit is handled in the Hooks class
  And close the browser                                # StepDefinitions.LoginTest.close_the_browser()
2024-06-14 21:48:07 INFO  Hooks.Hooks - Quitting WebDriver.
]]></system-out>
    <system-err><![CDATA[Jun 14, 2024 9:48:05 PM org.openqa.selenium.devtools.CdpVersionFinder findNearestMatch
WARNING: Unable to find an exact match for CDP version 125, returning the closest version; found: 123; Please update to a Selenium version that supports CDP version 125
]]></system-err>
  </testcase>
  <testcase name="runScenario[&quot;Should verify Signup feature under menu using data table&quot;, &quot;Registration&quot;](6)" classname="TestRunner.CucumberTestRunner" time="7.552">
    <system-out><![CDATA[
@Register
Scenario Outline: Should verify Signup feature under menu using data table # Features/Register.feature:3
2024-06-14 21:48:08 INFO  Hooks.Hooks - Deleting old screenshots.
2024-06-14 21:48:08 INFO  Hooks.Hooks - Initializing WebDriver.
2024-06-14 21:48:09 INFO  StepDefinitions.LoginTest - Navigating to login page.
  And Navigateto Home page                                                 # StepDefinitions.RegisterTest.navigateto_home_page()
2024-06-14 21:48:10 INFO  StepDefinitions.LoginTest - Clicked on Contact of menu
  When click on SignUP under menu                                          # StepDefinitions.RegisterTest.click_on_sign_up_under_menu()
2024-06-14 21:48:11 INFO  StepDefinitions.LoginTest - Alert accepted
2024-06-14 21:48:13 INFO  StepDefinitions.LoginTest - Alert accepted
2024-06-14 21:48:15 INFO  StepDefinitions.LoginTest - Alert accepted
  Then should singinup with name and pass and validate alert message       # StepDefinitions.RegisterTest.should_singinup_with_name_and_pass_and_validate_alert_message(io.cucumber.datatable.DataTable)
    | username | password |
    | haris11  | hari@111 |
    | kuarer2  | laasd01  |
    | sharanya | vbs1234  |
2024-06-14 21:48:15 INFO  Hooks.Hooks - Quitting WebDriver.
]]></system-out>
    <system-err><![CDATA[Jun 14, 2024 9:48:08 PM org.openqa.selenium.devtools.CdpVersionFinder findNearestMatch
WARNING: Unable to find an exact match for CDP version 125, returning the closest version; found: 123; Please update to a Selenium version that supports CDP version 125
]]></system-err>
  </testcase>
</testsuite>